Command line:
   szamlalo_isim_beh.exe
     -simmode  gui
     -simrunnum  0
     -socket  56035

Sat Nov 23 14:22:43 2019


 Elaboration Time: 0.03125 sec

 Current Memory Usage: 5175.84 Meg

 Total Signals          : 127
 Total Nets             : 59
 Total Signal Drivers   : 31
 Total Blocks           : 32
 Total Primitive Blocks : 26
 Total Processes        : 39
 Total Traceable Variables  : 53
 Total Scalar Nets and Variables : 718
Total Line Count : 83

 Total Simulation Time: 0.046875 sec

 Current Memory Usage: 5175.84 Meg

Sat Nov 23 14:22:47 2019

