Running: C:\Xilinx\14.7\ISE_DS\ISE\bin\nt64\unwrapped\fuse.exe -intstyle ise -incremental -o D:/Digit szimulaciok/DigitLaborVizsga/szamlalo/szamlalo_szamlalo_sch_tb_isim_beh.exe -prj D:/Digit szimulaciok/DigitLaborVizsga/szamlalo/szamlalo_szamlalo_sch_tb_beh.prj work.szamlalo_szamlalo_sch_tb 
ISim P.20131013 (signature 0x7708f090)
Number of CPUs detected in this system: 4
Turning on mult-threading, number of parallel sub-compilation jobs: 8 
Determining compilation order of HDL files
Parsing VHDL file "D:/Digit szimulaciok/DigitLaborVizsga/szamlalo/szamlalo.vhf" into library work
Parsing VHDL file "D:/Digit szimulaciok/DigitLaborVizsga/szamlalo/tb.vhd" into library work
Starting static elaboration
Completed static elaboration
Compiling package standard
Compiling package std_logic_1164
Compiling package numeric_std
Compiling package vcomponents
Compiling architecture xor2_v of entity XOR2 [xor2_default]
Compiling architecture fdce_v of entity FDCE [\FDCE('0')\]
Compiling architecture behavioral of entity FTCE_MXILINX_szamlalo [\FTCE_MXILINX_szamlalo('0')\]
Compiling architecture and3_v of entity AND3 [and3_default]
Compiling architecture and2_v of entity AND2 [and2_default]
Compiling architecture pulldown_v of entity PULLDOWN [pulldown_default]
Compiling architecture obuf_v of entity OBUF [\OBUF("DONT_CARE",12,"DEFAULT","...]
Compiling architecture behavioral of entity OBUF8_MXILINX_szamlalo [obuf8_mxilinx_szamlalo_default]
Compiling architecture pullup_v of entity PULLUP [pullup_default]
Compiling architecture behavioral of entity szamlalo [szamlalo_default]
Compiling architecture behavioral of entity szamlalo_szamlalo_sch_tb
Time Resolution for simulation is 1ps.
Waiting for 7 sub-compilation(s) to finish...
WARNING:Simulator - Unable to copy libPortabilityNOSH.dll to the simulation executable directory: boost::filesystem::copy_file: A rendszer nem találja a megadott elérési utat, "isim\szamlalo_szamlalo_sch_tb_isim_beh.exe.sim\libPortability.dll".
Compiled 25 VHDL Units
Built simulation executable D:/Digit szimulaciok/DigitLaborVizsga/szamlalo/szamlalo_szamlalo_sch_tb_isim_beh.exe
Fuse Memory Usage: 50000 KB
Fuse CPU Usage: 500 ms
