Running: E:\Xilinx\14.7\ISE_DS\ISE\bin\nt64\unwrapped\fuse.exe -intstyle ise -incremental -o C:/Users/Seres/Desktop/DIGIT/digit_remake/knight_rider_remake/kr_remake_kr_remake_sch_tb_isim_beh.exe -prj C:/Users/Seres/Desktop/DIGIT/digit_remake/knight_rider_remake/kr_remake_kr_remake_sch_tb_beh.prj work.kr_remake_kr_remake_sch_tb 
ISim P.20131013 (signature 0x7708f090)
Number of CPUs detected in this system: 8
Turning on mult-threading, number of parallel sub-compilation jobs: 16 
Determining compilation order of HDL files
Parsing VHDL file "C:/Users/Seres/Desktop/DIGIT/digit_remake/knight_rider_remake/kr_remake.vhf" into library work
Parsing VHDL file "C:/Users/Seres/Desktop/DIGIT/digit_remake/knight_rider_remake/tb.vhd" into library work
Starting static elaboration
Completed static elaboration
Compiling package standard
Compiling package std_logic_1164
Compiling package numeric_std
Compiling package vcomponents
Compiling architecture xor2_v of entity XOR2 [xor2_default]
Compiling architecture fdce_v of entity FDCE [\FDCE('0')\]
Compiling architecture behavioral of entity FTCE_MXILINX_kr_remake [\FTCE_MXILINX_kr_remake('0')\]
Compiling architecture and4_v of entity AND4 [and4_default]
Compiling architecture and3_v of entity AND3 [and3_default]
Compiling architecture and2_v of entity AND2 [and2_default]
Compiling architecture vcc_v of entity VCC [vcc_default]
Compiling architecture behavioral of entity CB4CE_MXILINX_kr_remake [cb4ce_mxilinx_kr_remake_default]
Compiling architecture and4b2_v of entity AND4B2 [and4b2_default]
Compiling architecture and5_v of entity AND5 [and5_default]
Compiling architecture behavioral of entity CB16CE_MXILINX_kr_remake [cb16ce_mxilinx_kr_remake_default]
Compiling architecture gnd_v of entity GND [gnd_default]
Compiling architecture behavioral of entity kr_remake [kr_remake_default]
Compiling architecture behavioral of entity kr_remake_kr_remake_sch_tb
Time Resolution for simulation is 1ps.
Waiting for 2 sub-compilation(s) to finish...
WARNING:Simulator - Unable to copy libPortabilityNOSH.dll to the simulation executable directory: boost::filesystem::copy_file: A rendszer nem találja a megadott elérési utat, "isim\kr_remake_kr_remake_sch_tb_isim_beh.exe.sim\libPortability.dll".
Compiled 31 VHDL Units
Built simulation executable C:/Users/Seres/Desktop/DIGIT/digit_remake/knight_rider_remake/kr_remake_kr_remake_sch_tb_isim_beh.exe
Fuse Memory Usage: 49896 KB
Fuse CPU Usage: 733 ms
