Command line:
   szamlalo_szamlalo_sch_tb_isim_beh.exe
     -simmode  gui
     -simrunnum  0
     -socket  56037

Sat Nov 23 14:22:58 2019


 Elaboration Time: 0.03125 sec

 Current Memory Usage: 5176.34 Meg

 Total Signals          : 131
 Total Nets             : 59
 Total Signal Drivers   : 33
 Total Blocks           : 33
 Total Primitive Blocks : 26
 Total Processes        : 40
 Total Traceable Variables  : 53
 Total Scalar Nets and Variables : 718
Total Line Count : 88

 Total Simulation Time: 0.046875 sec

 Current Memory Usage: 5019.06 Meg

Sat Nov 23 14:29:37 2019

