Command line:
   knight_rider_actual_knight_rider_actual_sch_tb_isim_beh.exe
     -simmode  gui
     -simrunnum  0
     -socket  1348

Fri Nov 22 16:06:03 2019


 Elaboration Time: 0.046875 sec

 Current Memory Usage: 5160.02 Meg

 Total Signals          : 544
 Total Nets             : 164
 Total Signal Drivers   : 124
 Total Blocks           : 101
 Total Primitive Blocks : 77
 Total Processes        : 122
 Total Traceable Variables  : 53
 Total Scalar Nets and Variables : 687
Total Line Count : 187

 Total Simulation Time: 6.90625 sec

 Current Memory Usage: 5474.59 Meg

Fri Nov 22 16:06:39 2019

